[0;34mðŸš€ Momentum Build & Deploy Script[0m
[0;34m=================================[0m
[0;34mUsing device ID: 00008027-001164121A62402E[0m
[0;34mðŸ“ Finding build directory...[0m
[0;34mBuild directory: /Users/rubenreut/Library/Developer/Xcode/DerivedData/Momentum-brcqnsodfccmjcfvmfucnpkzzdnn/Build/Products[0m
[0;34mðŸ§¹ Cleaning...[0m
[0;32mâœ“ Clean completed (2s)[0m
[0;34mðŸ”¨ Building with parallel compilation...[0m
[0;34mBuild attempt 1 of 3...[0m
[0;31mâœ— Build failed on attempt 1[0m
[1;33mâš  Retrying build...[0m
[0;34mBuild attempt 2 of 3...[0m
[0;31mâœ— Build failed on attempt 2[0m
[1;33mâš  Retrying build...[0m
[0;34mBuild attempt 3 of 3...[0m
[0;31mâœ— Build failed on attempt 3[0m
[0;31mâœ— Build failed after 3 attempts[0m
eyJibHVlcHJpbnRfYmx1ZXByaW50SWRlbnRpZmllciI6IkQ1MzAzMzQ4MkUxNkIwQ0QwMEU4MzQxRiIsImJsdWVwcmludF9wcm92aWRlckZpbGVQYXRoU3RyaW5nIjoiXC9Vc2Vyc1wvcnViZW5yZXV0XC9Nb21lbnR1bVwvTW9tZW50dW1cL01vbWVudHVtLnhjb2RlcHJvaiIsInR5cGUiOnsiYmx1ZXByaW50Ijp7fX19
/Users/rubenreut/Momentum/Momentum/Momentum/Views/DayView.swift:98:25: error: expected ')' in expression list
                        if abs(velocity) > velocityThreshold {
                        ^
/Users/rubenreut/Momentum/Momentum/Momentum/Views/DayView.swift:67:21: note: to match this opening '('
            .gesture(
                    ^
/Users/rubenreut/Momentum/Momentum/Momentum/Views/DayView.swift:119:13: error: expected declaration
            )
            ^
/Users/rubenreut/Momentum/Momentum/Momentum/Views/DayView.swift:3:8: note: in declaration of 'DayView'
struct DayView: View {
       ^
/Users/rubenreut/Momentum/Momentum/Momentum/Views/DayView.swift:141:9: error: expressions are not allowed at the top level
        .onAppear {
        ^
/Users/rubenreut/Momentum/Momentum/Momentum/Views/DayView.swift:168:5: error: extraneous '}' at top level
    }
    ^
    
/Users/rubenreut/Momentum/Momentum/Momentum/Views/DayView.swift:185:9: error: expressions are not allowed at the top level
        DispatchQueue.main.asyncAfter(deadline: .now() + animationDuration) {
        ^
/Users/rubenreut/Momentum/Momentum/Momentum/Views/DayView.swift:191:5: error: extraneous '}' at top level
    }
    ^
    
/Users/rubenreut/Momentum/Momentum/Momentum/Views/DayView.swift:199:9: error: expressions are not allowed at the top level
        DispatchQueue.main.asyncAfter(deadline: .now() + animationDuration) {
        ^
/Users/rubenreut/Momentum/Momentum/Momentum/Views/DayView.swift:205:5: error: extraneous '}' at top level
    }
    ^
    
/Users/rubenreut/Momentum/Momentum/Momentum/Views/DayView.swift:362:1: error: extraneous '}' at top level
}
^
/Users/rubenreut/Momentum/Momentum/Momentum/Views/HabitsView.swift:470:10: error: consecutive declarations on a line must be separated by ';'
        } else {
         ^
         ;
/Users/rubenreut/Momentum/Momentum/Momentum/Views/HabitsView.swift:470:11: error: expected declaration
        } else {
          ^
/Users/rubenreut/Momentum/Momentum/Momentum/Views/HabitsView.swift:345:8: note: in declaration of 'HabitRow'
struct HabitRow: View {
       ^
/Users/rubenreut/Momentum/Momentum/Momentum/Views/HabitsView.swift:502:1: error: extraneous '}' at top level
}
^
/Users/rubenreut/Momentum/Momentum/Momentum/Extensions/View+CrashReporting.swift:48:14: warning: 'onChange(of:perform:)' was deprecated in iOS 17.0: Use `onChange` with a two or zero parameter action closure instead.
        self.onChange(of: error.wrappedValue != nil) { hasError in
             ^
/Users/rubenreut/Momentum/Momentum/Momentum/Managers/HabitManager.swift:675:10: warning: main actor-isolated instance method 'controllerDidChangeContent' cannot be used to satisfy nonisolated protocol requirement; this is an error in the Swift 6 language mode
    func controllerDidChangeContent(_ controller: NSFetchedResultsController<NSFetchRequestResult>) {
         ^
/Users/rubenreut/Momentum/Momentum/Momentum/Managers/HabitManager.swift:675:10: note: add 'nonisolated' to 'controllerDidChangeContent' to make this instance method not isolated to the actor
    func controllerDidChangeContent(_ controller: NSFetchedResultsController<NSFetchRequestResult>) {
         ^
    nonisolated 
/Users/rubenreut/Momentum/Momentum/Momentum/Managers/HabitManager.swift:674:25: note: add '@preconcurrency' to the 'NSFetchedResultsControllerDelegate' conformance to defer isolation checking to run time
extension HabitManager: NSFetchedResultsControllerDelegate {
                        ^
                        @preconcurrency 
CoreData.NSFetchedResultsControllerDelegate:23:19: note: 'controllerDidChangeContent' declared here
    optional func controllerDidChangeContent(_ controller: NSFetchedResultsController<any NSFetchRequestResult>)
                  ^
/Users/rubenreut/Momentum/Momentum/Momentum/Managers/HabitManager.swift:320:13: warning: initialization of immutable value 'startOfDay' was never used; consider replacing with assignment to '_' or removing it
        let startOfDay = calendar.startOfDay(for: date)
        ~~~~^~~~~~~~~~
        _
/Users/rubenreut/Momentum/Momentum/Momentum/Managers/HabitManager.swift:610:16: warning: value 'lastCompleted' was defined but never used; consider replacing with boolean test
        if let lastCompleted = habit.lastCompletedDate {
           ~~~~^~~~~~~~~~~~~~~~
                                                       != nil
/Users/rubenreut/Momentum/Momentum/Momentum/Managers/NotificationManager.swift:243:19: warning: immutable value 'eventId' was never used; consider replacing with '_' or removing it
              let eventId = UUID(uuidString: eventIdString),
              ~~~~^~~~~~~
              _
/Users/rubenreut/Momentum/Momentum/Momentum/Managers/PersistenceController.swift:95:16: warning: value 'error' was defined but never used; consider replacing with boolean test
        if let error = loadError {
           ~~~~^~~~~~~~
                                 != nil
/Users/rubenreut/Momentum/Momentum/Momentum/Managers/PersistenceController.swift:261:20: warning: value 'error' was defined but never used; consider replacing with boolean test
            if let error = error {
               ~~~~^~~~~~~~
                                 != nil
/Users/rubenreut/Momentum/Momentum/Momentum/Managers/ScheduleManager.swift:634:21: warning: initialization of immutable value 'oldCount' was never used; consider replacing with assignment to '_' or removing it
                let oldCount = events.count
                ~~~~^~~~~~~~
                _
/Users/rubenreut/Momentum/Momentum/Momentum/Managers/ScheduleManager.swift:641:21: warning: immutable value 'event' was never used; consider replacing with '_' or removing it
                for event in events {
                    ^~~~~
                    _
/Users/rubenreut/Momentum/Momentum/Momentum/Managers/TaskManager.swift:354:10: warning: main actor-isolated instance method 'controllerDidChangeContent' cannot be used to satisfy nonisolated protocol requirement; this is an error in the Swift 6 language mode
    func controllerDidChangeContent(_ controller: NSFetchedResultsController<NSFetchRequestResult>) {
         ^
/Users/rubenreut/Momentum/Momentum/Momentum/Managers/TaskManager.swift:354:10: note: add 'nonisolated' to 'controllerDidChangeContent' to make this instance method not isolated to the actor
    func controllerDidChangeContent(_ controller: NSFetchedResultsController<NSFetchRequestResult>) {
         ^
    nonisolated 
/Users/rubenreut/Momentum/Momentum/Momentum/Managers/TaskManager.swift:353:24: note: add '@preconcurrency' to the 'NSFetchedResultsControllerDelegate' conformance to defer isolation checking to run time
extension TaskManager: NSFetchedResultsControllerDelegate {
                       ^
                       @preconcurrency 
CoreData.NSFetchedResultsControllerDelegate:23:19: note: 'controllerDidChangeContent' declared here
    optional func controllerDidChangeContent(_ controller: NSFetchedResultsController<any NSFetchRequestResult>)
                  ^
/Users/rubenreut/Momentum/Momentum/Momentum/Mocks/MockPersistenceProvider.swift:72:17: warning: initialization of immutable value 'elapsed' was never used; consider replacing with assignment to '_' or removing it
            let elapsed = CFAbsoluteTimeGetCurrent() - startTime
            ~~~~^~~~~~~
            _
/Users/rubenreut/Momentum/Momentum/Momentum/Services/NetworkMonitor.swift:86:14: warning: 'onChange(of:perform:)' was deprecated in iOS 17.0: Use `onChange` with a two or zero parameter action closure instead.
            .onChange(of: networkMonitor.isConnected) { isConnected in
             ^
/Users/rubenreut/Momentum/Momentum/Momentum/Services/OpenAIService.swift:401:24: warning: value 'errorString' was defined but never used; consider replacing with boolean test
                if let errorString = String(data: data, encoding: .utf8) {
                   ~~~~^~~~~~~~~~~~~~
                                                                         != nil
/Users/rubenreut/Momentum/Momentum/Momentum/Services/OpenAIService.swift:455:14: warning: immutable value 'index' was never used; consider replacing with '_' or removing it
        for (index, message) in messages.enumerated() {
             ^~~~~
             _
/Users/rubenreut/Momentum/Momentum/Momentum/Services/OpenAIService.swift:457:28: warning: immutable value 'text' was never used; consider replacing with '_' or removing it
            case .text(let text): break
                       ~~~~^~~~
                       _
/Users/rubenreut/Momentum/Momentum/Momentum/Services/OpenAIService.swift:459:22: warning: immutable value 'itemIndex' was never used; consider replacing with '_' or removing it
                for (itemIndex, item) in array.enumerated() {
                     ^~~~~~~~~
                     _
/Users/rubenreut/Momentum/Momentum/Momentum/Services/OpenAIService.swift:466:37: warning: initialization of immutable value 'dataSize' was never used; consider replacing with assignment to '_' or removing it
                                let dataSize = url.count
                                ~~~~^~~~~~~~
                                _
/Users/rubenreut/Momentum/Momentum/Momentum/Services/OpenAIService.swift:714:24: warning: value 'debugDescription' was defined but never used; consider replacing with boolean test
                if let debugDescription = nsError.userInfo[NSDebugDescriptionErrorKey] {
                   ~~~~^~~~~~~~~~~~~~~~~~~
                                                                                       != nil
/Users/rubenreut/Momentum/Momentum/Momentum/Utils/AnimationUtilities.swift:34:14: warning: 'onChange(of:perform:)' was deprecated in iOS 17.0: Use `onChange` with a two or zero parameter action closure instead.
            .onChange(of: isCompleted) { newValue in
             ^
/Users/rubenreut/Momentum/Momentum/Momentum/Utils/AnimationUtilities.swift:111:10: warning: 'onChange(of:perform:)' was deprecated in iOS 17.0: Use `onChange` with a two or zero parameter action closure instead.
        .onChange(of: isActive) { newValue in
         ^
/Users/rubenreut/Momentum/Momentum/Momentum/Utils/AnimationUtilities.swift:319:10: warning: 'onChange(of:perform:)' was deprecated in iOS 17.0: Use `onChange` with a two or zero parameter action closure instead.
        .onChange(of: progress) { newValue in
         ^
/Users/rubenreut/Momentum/Momentum/Momentum/ViewModels/ChatViewModel.swift:102:13: warning: variable 'messageContent' was never mutated; consider changing to 'let' constant
        var messageContent = inputText
        ~~~ ^
        let
/Users/rubenreut/Momentum/Momentum/Momentum/ViewModels/ChatViewModel.swift:138:20: warning: value 'pdfName' was defined but never used; consider replacing with boolean test
            if let pdfName = pdfFileName {
               ~~~~^~~~~~~~~~
                                         != nil
/Users/rubenreut/Momentum/Momentum/Momentum/ViewModels/ChatViewModel.swift:172:23: warning: immutable value 'fileData' was never used; consider replacing with '_' or removing it
        } else if let fileData = selectedFileData,
                  ~~~~^~~~~~~~
                  _
/Users/rubenreut/Momentum/Momentum/Momentum/ViewModels/ChatViewModel.swift:207:19: warning: value 'lastUserMessage' was defined but never used; consider replacing with boolean test
        guard let lastUserMessage = messages.last(where: { $0.sender.isUser }) else { return }
              ~~~~^~~~~~~~~~~~~~~~~~
                                                                               != nil
/Users/rubenreut/Momentum/Momentum/Momentum/ViewModels/ChatViewModel.swift:587:16: warning: value 'image' was defined but never used; consider replacing with boolean test
        if let image = combinedImage {
           ~~~~^~~~~~~~
                                     != nil
/Users/rubenreut/Momentum/Momentum/Momentum/ViewModels/ChatViewModel.swift:654:64: warning: 'recordPermission' was deprecated in iOS 17.0: Please use AVAudioApplication recordPermission
        let microphoneStatus = AVAudioSession.sharedInstance().recordPermission
                                                               ^
/Users/rubenreut/Momentum/Momentum/Momentum/ViewModels/ChatViewModel.swift:658:45: warning: 'requestRecordPermission' was deprecated in iOS 17.0: Please use AVAudioApplication requestRecordPermissionWithCompletionHandler
            AVAudioSession.sharedInstance().requestRecordPermission { granted in
                                            ^
/Users/rubenreut/Momentum/Momentum/Momentum/ViewModels/ChatViewModel.swift:822:39: warning: immutable value 'error' was never used; consider replacing with '_' or removing it
                    case .failure(let error):
                                  ~~~~^~~~~
                                  _
/Users/rubenreut/Momentum/Momentum/Momentum/ViewModels/ChatViewModel.swift:867:43: warning: immutable value 'event' was never used; consider replacing with '_' or removing it
                        case .success(let event):
                                      ~~~~^~~~~
                                      _
/Users/rubenreut/Momentum/Momentum/Momentum/ViewModels/ChatViewModel.swift:871:43: warning: immutable value 'error' was never used; consider replacing with '_' or removing it
                        case .failure(let error):
                                      ~~~~^~~~~
                                      _
/Users/rubenreut/Momentum/Momentum/Momentum/ViewModels/ChatViewModel.swift:893:34: warning: immutable value 'eventId' was never used; consider replacing with '_' or removing it
        case .toggleComplete(let eventId):
                             ~~~~^~~~~~~
                             _
/Users/rubenreut/Momentum/Momentum/Momentum/ViewModels/ChatViewModel.swift:945:17: warning: reference to captured var 'self' in concurrently-executing code; this is an error in the Swift 6 language mode
                self?.isRateLimited = false
                ^
/Users/rubenreut/Momentum/Momentum/Momentum/ViewModels/ChatViewModel.swift:946:17: warning: reference to captured var 'self' in concurrently-executing code; this is an error in the Swift 6 language mode
                self?.rateLimitResetTime = nil
                ^
/Users/rubenreut/Momentum/Momentum/Momentum/ViewModels/ChatViewModel.swift:1116:13: warning: initialization of immutable value 'model' was never used; consider replacing with assignment to '_' or removing it
        let model = hasImages ? "gpt-4o" : "gpt-4o-mini"
        ~~~~^~~~~
        _
/Users/rubenreut/Momentum/Momentum/Momentum/ViewModels/ChatViewModel.swift:1832:13: warning: variable 'shouldUpdateCategory' was written to, but never read
        var shouldUpdateCategory = false
            ^
/Users/rubenreut/Momentum/Momentum/Momentum/ViewModels/ChatViewModel.swift:2227:78: warning: string interpolation produces a debug description for an optional value; did you mean to make this explicit?
        let dateDescription = endDateStr != nil ? "from \(startDateStr) to \(endDateStr)" : "on \(startDateStr)"
                                                                             ^~~~~~~~~~
/Users/rubenreut/Momentum/Momentum/Momentum/ViewModels/ChatViewModel.swift:2227:78: note: use 'String(describing:)' to silence this warning
        let dateDescription = endDateStr != nil ? "from \(startDateStr) to \(endDateStr)" : "on \(startDateStr)"
                                                                             ^~~~~~~~~~
                                                                             String(describing:  )
/Users/rubenreut/Momentum/Momentum/Momentum/ViewModels/ChatViewModel.swift:2227:78: note: provide a default value to avoid this warning
        let dateDescription = endDateStr != nil ? "from \(startDateStr) to \(endDateStr)" : "on \(startDateStr)"
                                                                             ^~~~~~~~~~
                                                                                        ?? <#default value#>
/Users/rubenreut/Momentum/Momentum/Momentum/ViewModels/ChatViewModel.swift:2124:35: warning: immutable value 'error' was never used; consider replacing with '_' or removing it
                case .failure(let error):
                              ~~~~^~~~~
                              _
/Users/rubenreut/Momentum/Momentum/Momentum/ViewModels/ChatViewModel.swift:2211:31: warning: immutable value 'error' was never used; consider replacing with '_' or removing it
            case .failure(let error):
                          ~~~~^~~~~
                          _
/Users/rubenreut/Momentum/Momentum/Momentum/ViewModels/ChatViewModel.swift:2221:9: warning: no calls to throwing functions occur within 'try' expression
        try? await withCheckedContinuation { continuation in
        ^
/Users/rubenreut/Momentum/Momentum/Momentum/ViewModels/ChatViewModel.swift:2403:17: warning: variable 'adjustedStartTime' was never mutated; consider changing to 'let' constant
            var adjustedStartTime = startTime
            ~~~ ^
            let
/Users/rubenreut/Momentum/Momentum/Momentum/ViewModels/ChatViewModel.swift:2671:27: warning: immutable value 'event' was never used; consider replacing with '_' or removing it
        case .success(let event):
                      ~~~~^~~~~
                      _
/Users/rubenreut/Momentum/Momentum/Momentum/ViewModels/ChatViewModel.swift:3971:43: warning: cast from 'String.Element' (aka 'Character') to unrelated type 'String' always fails
                task.tags?.contains { ($0 as? String) == tag } ?? false
                                       ~~ ^   ~~~~~~
/Users/rubenreut/Momentum/Momentum/Momentum/ViewModels/ChatViewModel.swift:4041:37: warning: cast from 'String?' to unrelated type '[String]' always fails
            var newTags = task.tags as? [String] ?? []
                          ~~~~~~~~~ ^   ~~~~~~~~
/Users/rubenreut/Momentum/Momentum/Momentum/ViewModels/ChatViewModel.swift:4153:43: warning: cast from 'String.Element' (aka 'Character') to unrelated type 'String' always fails
                task.tags?.contains { ($0 as? String) == tag } ?? false
                                       ~~ ^   ~~~~~~
/Users/rubenreut/Momentum/Momentum/Momentum/ViewModels/ChatViewModel.swift:4210:13: warning: variable 'currentDate' was never mutated; consider changing to 'let' constant
        var currentDate = newDate
        ~~~ ^
        let
/Users/rubenreut/Momentum/Momentum/Momentum/ViewModels/ChatViewModel.swift:6822:27: warning: value 'urlError' was defined but never used; consider replacing with boolean test
            } else if let urlError = error as? URLError {
                      ~~~~^~~~~~~~~~~      ~~~
                                           is
/Users/rubenreut/Momentum/Momentum/Momentum/ViewModels/DayViewModel.swift:83:13: warning: initialization of immutable value 'allEvents' was never used; consider replacing with assignment to '_' or removing it
        let allEvents = scheduleManager.events
        ~~~~^~~~~~~~~
        _
/Users/rubenreut/Momentum/Momentum/Momentum/ViewModels/DayViewModel.swift:92:13: warning: immutable value 'event' was never used; consider replacing with '_' or removing it
        for event in events {
            ^~~~~
            _
/Users/rubenreut/Momentum/Momentum/Momentum/Views/CategoryManagementView.swift:159:27: warning: immutable value 'error' was never used; consider replacing with '_' or removing it
        case .failure(let error): break
                      ~~~~^~~~~
                      _
/Users/rubenreut/Momentum/Momentum/Momentum/Views/DayTimelineView.swift:94:25: warning: immutable value 'hour' was never used; consider replacing with '_' or removing it
            for (index, hour) in hours.enumerated() {
                        ^~~~
                        _
/Users/rubenreut/Momentum/Momentum/Momentum/Views/DayView.swift:143:13: error: cannot find 'viewModel' in scope
            viewModel.selectedDate = Calendar.current.date(byAdding: .day, value: dayOffset, to: todayDate) ?? todayDate
            ^~~~~~~~~
/Users/rubenreut/Momentum/Momentum/Momentum/Views/DayView.swift:143:83: error: cannot find 'dayOffset' in scope
            viewModel.selectedDate = Calendar.current.date(byAdding: .day, value: dayOffset, to: todayDate) ?? todayDate
                                                                                  ^~~~~~~~~
/Users/rubenreut/Momentum/Momentum/Momentum/Views/DayView.swift:143:98: error: cannot find 'todayDate' in scope
            viewModel.selectedDate = Calendar.current.date(byAdding: .day, value: dayOffset, to: todayDate) ?? todayDate
                                                                                                 ^~~~~~~~~
/Users/rubenreut/Momentum/Momentum/Momentum/Views/DayView.swift:143:112: error: cannot find 'todayDate' in scope
            viewModel.selectedDate = Calendar.current.date(byAdding: .day, value: dayOffset, to: todayDate) ?? todayDate
                                                                                                               ^~~~~~~~~
/Users/rubenreut/Momentum/Momentum/Momentum/Views/DayView.swift:144:13: error: cannot find 'viewModel' in scope
            viewModel.refreshEvents()
            ^~~~~~~~~
/Users/rubenreut/Momentum/Momentum/Momentum/Views/DayView.swift:147:23: error: cannot find 'dayOffset' in scope
        .onChange(of: dayOffset) { _, _ in
                      ^~~~~~~~~
/Users/rubenreut/Momentum/Momentum/Momentum/Views/DayView.swift:148:13: error: cannot find 'viewModel' in scope
            viewModel.selectedDate = Calendar.current.date(byAdding: .day, value: dayOffset, to: todayDate) ?? todayDate
            ^~~~~~~~~
/Users/rubenreut/Momentum/Momentum/Momentum/Views/DayView.swift:148:83: error: cannot find 'dayOffset' in scope
            viewModel.selectedDate = Calendar.current.date(byAdding: .day, value: dayOffset, to: todayDate) ?? todayDate
                                                                                  ^~~~~~~~~
/Users/rubenreut/Momentum/Momentum/Momentum/Views/DayView.swift:148:98: error: cannot find 'todayDate' in scope
            viewModel.selectedDate = Calendar.current.date(byAdding: .day, value: dayOffset, to: todayDate) ?? todayDate
                                                                                                 ^~~~~~~~~
/Users/rubenreut/Momentum/Momentum/Momentum/Views/DayView.swift:148:112: error: cannot find 'todayDate' in scope
            viewModel.selectedDate = Calendar.current.date(byAdding: .day, value: dayOffset, to: todayDate) ?? todayDate
                                                                                                               ^~~~~~~~~
/Users/rubenreut/Momentum/Momentum/Momentum/Views/DayView.swift:151:29: error: cannot find '$viewModel' in scope
        .sheet(isPresented: $viewModel.showingAddEvent) {
                            ^~~~~~~~~~
/Users/rubenreut/Momentum/Momentum/Momentum/Views/DayView.swift:156:22: error: cannot find '$viewModel' in scope
        .sheet(item: $viewModel.selectedEvent) { event in
                     ^~~~~~~~~~
/Users/rubenreut/Momentum/Momentum/Momentum/Views/DayView.swift:161:29: error: cannot find '$showingSettings' in scope
        .sheet(isPresented: $showingSettings) {
                            ^~~~~~~~~~~~~~~~
/Users/rubenreut/Momentum/Momentum/Momentum/Views/DayView.swift:141:10: error: cannot infer contextual base in reference to member 'onAppear'
        .onAppear {
        ~^~~~~~~~
/Users/rubenreut/Momentum/Momentum/Momentum/Views/DayView.swift:185:58: error: cannot find 'animationDuration' in scope
        DispatchQueue.main.asyncAfter(deadline: .now() + animationDuration) {
                                                         ^~~~~~~~~~~~~~~~~
/Users/rubenreut/Momentum/Momentum/Momentum/Views/DayView.swift:186:13: error: cannot find 'dayOffset' in scope
            dayOffset += 1
            ^~~~~~~~~
/Users/rubenreut/Momentum/Momentum/Momentum/Views/DayView.swift:187:13: error: cannot find 'dragOffset' in scope
            dragOffset = 0
            ^~~~~~~~~~
/Users/rubenreut/Momentum/Momentum/Momentum/Views/DayView.swift:189:13: error: cannot find 'isAnimatingSwipe' in scope
            isAnimatingSwipe = false
            ^~~~~~~~~~~~~~~~
/Users/rubenreut/Momentum/Momentum/Momentum/Views/DayView.swift:199:58: error: cannot find 'animationDuration' in scope
        DispatchQueue.main.asyncAfter(deadline: .now() + animationDuration) {
                                                         ^~~~~~~~~~~~~~~~~
/Users/rubenreut/Momentum/Momentum/Momentum/Views/DayView.swift:200:13: error: cannot find 'dayOffset' in scope
            dayOffset -= 1
            ^~~~~~~~~
/Users/rubenreut/Momentum/Momentum/Momentum/Views/DayView.swift:201:13: error: cannot find 'dragOffset' in scope
            dragOffset = 0
            ^~~~~~~~~~
/Users/rubenreut/Momentum/Momentum/Momentum/Views/DayView.swift:203:13: error: cannot find 'isAnimatingSwipe' in scope
            isAnimatingSwipe = false
            ^~~~~~~~~~~~~~~~
/Users/rubenreut/Momentum/Momentum/Momentum/Views/DayView.swift:98:32: error: cannot find 'velocity' in scope
                        if abs(velocity) > velocityThreshold {
                               ^~~~~~~~
/Users/rubenreut/Momentum/Momentum/Momentum/Views/DayView.swift:100:32: error: cannot find 'velocity' in scope
                            if velocity > 0 {
                               ^~~~~~~~
/Users/rubenreut/Momentum/Momentum/Momentum/Views/DayView.swift:101:65: error: cannot find 'screenWidth' in scope
                                swipeToPreviousDay(screenWidth: screenWidth)
                                                                ^~~~~~~~~~~
/Users/rubenreut/Momentum/Momentum/Momentum/Views/DayView.swift:103:61: error: cannot find 'screenWidth' in scope
                                swipeToNextDay(screenWidth: screenWidth)
                                                            ^~~~~~~~~~~
/Users/rubenreut/Momentum/Momentum/Momentum/Views/DayView.swift:105:53: error: cannot find 'screenWidth' in scope
                        } else if abs(dragOffset) > screenWidth * 0.3 {
                                                    ^~~~~~~~~~~
/Users/rubenreut/Momentum/Momentum/Momentum/Views/DayView.swift:108:65: error: cannot find 'screenWidth' in scope
                                swipeToPreviousDay(screenWidth: screenWidth)
                                                                ^~~~~~~~~~~
/Users/rubenreut/Momentum/Momentum/Momentum/Views/DayView.swift:110:61: error: cannot find 'screenWidth' in scope
                                swipeToNextDay(screenWidth: screenWidth)
                                                            ^~~~~~~~~~~
/Users/rubenreut/Momentum/Momentum/Momentum/Views/DayView.swift:172:9: error: cannot find 'viewDates' in scope
        viewDates = [
        ^~~~~~~~~
/Users/rubenreut/Momentum/Momentum/Momentum/Views/DayView.swift:173:50: error: cannot find 'dayOffset' in scope
            calendar.date(byAdding: .day, value: dayOffset - 1, to: todayDate) ?? todayDate,
                                                 ^~~~~~~~~
/Users/rubenreut/Momentum/Momentum/Momentum/Views/DayView.swift:173:69: error: cannot find 'todayDate' in scope
            calendar.date(byAdding: .day, value: dayOffset - 1, to: todayDate) ?? todayDate,
                                                                    ^~~~~~~~~
/Users/rubenreut/Momentum/Momentum/Momentum/Views/DayView.swift:173:83: error: cannot find 'todayDate' in scope
            calendar.date(byAdding: .day, value: dayOffset - 1, to: todayDate) ?? todayDate,
                                                                                  ^~~~~~~~~
/Users/rubenreut/Momentum/Momentum/Momentum/Views/DayView.swift:174:50: error: cannot find 'dayOffset' in scope
            calendar.date(byAdding: .day, value: dayOffset, to: todayDate) ?? todayDate,
                                                 ^~~~~~~~~
/Users/rubenreut/Momentum/Momentum/Momentum/Views/DayView.swift:174:65: error: cannot find 'todayDate' in scope
            calendar.date(byAdding: .day, value: dayOffset, to: todayDate) ?? todayDate,
                                                                ^~~~~~~~~
/Users/rubenreut/Momentum/Momentum/Momentum/Views/DayView.swift:174:79: error: cannot find 'todayDate' in scope
            calendar.date(byAdding: .day, value: dayOffset, to: todayDate) ?? todayDate,
                                                                              ^~~~~~~~~
/Users/rubenreut/Momentum/Momentum/Momentum/Views/DayView.swift:175:50: error: cannot find 'dayOffset' in scope
            calendar.date(byAdding: .day, value: dayOffset + 1, to: todayDate) ?? todayDate
                                                 ^~~~~~~~~
/Users/rubenreut/Momentum/Momentum/Momentum/Views/DayView.swift:175:69: error: cannot find 'todayDate' in scope
            calendar.date(byAdding: .day, value: dayOffset + 1, to: todayDate) ?? todayDate
                                                                    ^~~~~~~~~
/Users/rubenreut/Momentum/Momentum/Momentum/Views/DayView.swift:175:83: error: cannot find 'todayDate' in scope
            calendar.date(byAdding: .day, value: dayOffset + 1, to: todayDate) ?? todayDate
                                                                                  ^~~~~~~~~
/Users/rubenreut/Momentum/Momentum/Momentum/Views/DayView.swift:180:9: error: cannot find 'isAnimatingSwipe' in scope
        isAnimatingSwipe = true
        ^~~~~~~~~~~~~~~~
/Users/rubenreut/Momentum/Momentum/Momentum/Views/DayView.swift:182:13: error: cannot find 'dragOffset' in scope
            dragOffset = -screenWidth
            ^~~~~~~~~~
/Users/rubenreut/Momentum/Momentum/Momentum/Views/DayView.swift:194:9: error: cannot find 'isAnimatingSwipe' in scope
        isAnimatingSwipe = true
        ^~~~~~~~~~~~~~~~
/Users/rubenreut/Momentum/Momentum/Momentum/Views/DayView.swift:196:13: error: cannot find 'dragOffset' in scope
            dragOffset = screenWidth
            ^~~~~~~~~~
/Users/rubenreut/Momentum/Momentum/Momentum/Views/DayView.swift:209:9: error: cannot find 'viewDates' in scope
        viewDates = [
        ^~~~~~~~~
/Users/rubenreut/Momentum/Momentum/Momentum/Views/DayView.swift:210:50: error: cannot find 'dayOffset' in scope
            calendar.date(byAdding: .day, value: dayOffset - 1, to: todayDate) ?? todayDate,
                                                 ^~~~~~~~~
/Users/rubenreut/Momentum/Momentum/Momentum/Views/DayView.swift:210:69: error: cannot find 'todayDate' in scope
            calendar.date(byAdding: .day, value: dayOffset - 1, to: todayDate) ?? todayDate,
                                                                    ^~~~~~~~~
/Users/rubenreut/Momentum/Momentum/Momentum/Views/DayView.swift:210:83: error: cannot find 'todayDate' in scope
            calendar.date(byAdding: .day, value: dayOffset - 1, to: todayDate) ?? todayDate,
                                                                                  ^~~~~~~~~
/Users/rubenreut/Momentum/Momentum/Momentum/Views/DayView.swift:211:50: error: cannot find 'dayOffset' in scope
            calendar.date(byAdding: .day, value: dayOffset, to: todayDate) ?? todayDate,
                                                 ^~~~~~~~~
/Users/rubenreut/Momentum/Momentum/Momentum/Views/DayView.swift:211:65: error: cannot find 'todayDate' in scope
            calendar.date(byAdding: .day, value: dayOffset, to: todayDate) ?? todayDate,
                                                                ^~~~~~~~~
/Users/rubenreut/Momentum/Momentum/Momentum/Views/DayView.swift:211:79: error: cannot find 'todayDate' in scope
            calendar.date(byAdding: .day, value: dayOffset, to: todayDate) ?? todayDate,
                                                                              ^~~~~~~~~
/Users/rubenreut/Momentum/Momentum/Momentum/Views/DayView.swift:212:50: error: cannot find 'dayOffset' in scope
            calendar.date(byAdding: .day, value: dayOffset + 1, to: todayDate) ?? todayDate
                                                 ^~~~~~~~~
/Users/rubenreut/Momentum/Momentum/Momentum/Views/DayView.swift:212:69: error: cannot find 'todayDate' in scope
            calendar.date(byAdding: .day, value: dayOffset + 1, to: todayDate) ?? todayDate
                                                                    ^~~~~~~~~
/Users/rubenreut/Momentum/Momentum/Momentum/Views/DayView.swift:212:83: error: cannot find 'todayDate' in scope
            calendar.date(byAdding: .day, value: dayOffset + 1, to: todayDate) ?? todayDate
                                                                                  ^~~~~~~~~
/Users/rubenreut/Momentum/Momentum/Momentum/Views/DayView.swift:219:72: error: cannot find 'dayOffset' in scope
            if let date = Calendar.current.date(byAdding: .day, value: dayOffset + offset, to: todayDate) {
                                                                       ^~~~~~~~~
/Users/rubenreut/Momentum/Momentum/Momentum/Views/DayView.swift:219:96: error: cannot find 'todayDate' in scope
            if let date = Calendar.current.date(byAdding: .day, value: dayOffset + offset, to: todayDate) {
                                                                                               ^~~~~~~~~
/Users/rubenreut/Momentum/Momentum/Momentum/Views/DayView.swift:223:9: error: cannot find 'dependencyContainer' in scope
        dependencyContainer.scheduleManager.preloadEvents(for: datesToPreload)
        ^~~~~~~~~~~~~~~~~~~
/Users/rubenreut/Momentum/Momentum/Momentum/Views/DayView.swift:235:29: error: cannot find 'isAnimatingSwipe' in scope
                        if !isAnimatingSwipe {
                            ^~~~~~~~~~~~~~~~
/Users/rubenreut/Momentum/Momentum/Momentum/Views/DayView.swift:240:29: error: cannot find 'isAnimatingSwipe' in scope
                        if !isAnimatingSwipe {
                            ^~~~~~~~~~~~~~~~
/Users/rubenreut/Momentum/Momentum/Momentum/Views/DayView.swift:245:25: error: cannot find 'dayOffset' in scope
                        dayOffset = 0
                        ^~~~~~~~~
/Users/rubenreut/Momentum/Momentum/Momentum/Views/DayView.swift:248:35: error: cannot find 'showingSettings' in scope
                    onSettings: { showingSettings = true },
                                  ^~~~~~~~~~~~~~~
/Users/rubenreut/Momentum/Momentum/Momentum/Views/DayView.swift:249:35: error: cannot find 'viewModel' in scope
                    onAddEvent: { viewModel.showingAddEvent = true },
                                  ^~~~~~~~~
/Users/rubenreut/Momentum/Momentum/Momentum/Views/DayView.swift:258:79: error: cannot find 'viewModel' in scope
                let isCurrentDay = Calendar.current.isDate(date, inSameDayAs: viewModel.selectedDate)
                                                                              ^~~~~~~~~
/Users/rubenreut/Momentum/Momentum/Momentum/Views/DayView.swift:260:28: error: cannot find 'dependencyContainer' in scope
                    get: { dependencyContainer.scrollPositionManager.offset(for: 0, default: 612) },
                           ^~~~~~~~~~~~~~~~~~~
/Users/rubenreut/Momentum/Momentum/Momentum/Views/DayView.swift:263:29: error: cannot find 'dependencyContainer' in scope
                            dependencyContainer.scrollPositionManager.update(dayOffset: 0, to: newValue)
                            ^~~~~~~~~~~~~~~~~~~
/Users/rubenreut/Momentum/Momentum/Momentum/Views/DayView.swift:270:39: error: cannot find 'isDraggingTimeBlock' in scope
                    isScrollEnabled: !isDraggingTimeBlock
                                      ^~~~~~~~~~~~~~~~~~~
/Users/rubenreut/Momentum/Momentum/Momentum/Views/DayView.swift:275:48: error: cannot find 'hourHeight' in scope
                                .frame(height: hourHeight)
                                               ^~~~~~~~~~
/Users/rubenreut/Momentum/Momentum/Momentum/Views/DayView.swift:297:26: error: cannot find 'dependencyContainer' in scope
            let events = dependencyContainer.scheduleManager.events(for: date)
                         ^~~~~~~~~~~~~~~~~~~
/Users/rubenreut/Momentum/Momentum/Momentum/Views/DayView.swift:298:70: error: cannot find 'viewModel' in scope
            let isToday = Calendar.current.isDate(date, inSameDayAs: viewModel.selectedDate)
                                                                     ^~~~~~~~~
/Users/rubenreut/Momentum/Momentum/Momentum/Views/DayView.swift:299:27: error: cannot find 'viewModel' in scope
            let layouts = viewModel.calculateEventLayout(for: events)
                          ^~~~~~~~~
/Users/rubenreut/Momentum/Momentum/Momentum/Views/DayView.swift:300:56: error: cannot find 'timeColumnWidth' in scope
            let availableWidth = geometry.size.width - timeColumnWidth - rightPadding
                                                       ^~~~~~~~~~~~~~~
/Users/rubenreut/Momentum/Momentum/Momentum/Views/DayView.swift:300:74: error: cannot find 'rightPadding' in scope
            let availableWidth = geometry.size.width - timeColumnWidth - rightPadding
                                                                         ^~~~~~~~~~~~
/Users/rubenreut/Momentum/Momentum/Momentum/Views/DayView.swift:308:29: error: cannot find 'viewModel' in scope
                            viewModel.handleEventTap(layout.event)
                            ^~~~~~~~~
/Users/rubenreut/Momentum/Momentum/Momentum/Views/DayView.swift:311:41: error: cannot find '$isDraggingTimeBlock' in scope
                    isDraggingAnyBlock: $isDraggingTimeBlock
                                        ^~~~~~~~~~~~~~~~~~~~
/Users/rubenreut/Momentum/Momentum/Momentum/Views/DayView.swift:318:24: error: cannot find 'timeColumnWidth' in scope
                    x: timeColumnWidth + calculateEventXOffset(layout: layout, availableWidth: availableWidth),
                       ^~~~~~~~~~~~~~~
/Users/rubenreut/Momentum/Momentum/Momentum/Views/DayView.swift:347:58: error: cannot find 'todayDate' in scope
        let currentStartOfDay = calendar.startOfDay(for: todayDate)
                                                         ^~~~~~~~~
/Users/rubenreut/Momentum/Momentum/Momentum/Views/DayView.swift:354:9: error: cannot find 'dayOffset' in scope
        dayOffset = daysDifference
        ^~~~~~~~~
/Users/rubenreut/Momentum/Momentum/Momentum/Views/DayView.swift:358:9: error: cannot find 'viewModel' in scope
        viewModel.selectedDate = targetStartOfDay
        ^~~~~~~~~
/Users/rubenreut/Momentum/Momentum/Momentum/Views/DayView.swift:359:9: error: cannot find 'viewModel' in scope
        viewModel.refreshEvents()
        ^~~~~~~~~
/Users/rubenreut/Momentum/Momentum/Momentum/Views/EventDetailView.swift:284:27: warning: immutable value 'error' was never used; consider replacing with '_' or removing it
        case .failure(let error):
                      ~~~~^~~~~
                      _
/Users/rubenreut/Momentum/Momentum/Momentum/Views/HabitCompletionButton.swift:112:30: warning: result of call to 'deleteEntry' is unused
                habitManager.deleteEntry(entry)
                             ^          ~~~~~~~
/Users/rubenreut/Momentum/Momentum/Momentum/Views/HabitCompletionButton.swift:127:41: warning: left side of nil coalescing operator '??' has non-optional type 'Double', so the right side is never used
                value: habit.goalTarget ?? 1.0,
                       ~~~~~~~~~~~~~~~~~^~~~~~
                                       
/Users/rubenreut/Momentum/Momentum/Momentum/Views/HabitDetailView.swift:64:10: warning: 'onChange(of:perform:)' was deprecated in iOS 17.0: Use `onChange` with a two or zero parameter action closure instead.
        .onChange(of: selectedPeriod) { _ in
         ^
/Users/rubenreut/Momentum/Momentum/Momentum/Views/HabitDetailView.swift:428:21: warning: initialization of immutable value 'maxValue' was never used; consider replacing with assignment to '_' or removing it
                let maxValue = max(habit.goalTarget * 1.2, chartData.map(\.value).max() ?? 1)
                ~~~~^~~~~~~~
                _
/Users/rubenreut/Momentum/Momentum/Momentum/Views/HabitStatsView.swift:482:41: warning: initialization of immutable value 'missed' was never used; consider replacing with assignment to '_' or removing it
                                    let missed = total - completed - skipped
                                    ~~~~^~~~~~
                                    _
/Users/rubenreut/Momentum/Momentum/Momentum/Views/HabitsView.swift:490:16: error: cannot find 'habit' in scope
        switch habit.trackingTypeEnum {
               ^~~~~
/Users/rubenreut/Momentum/Momentum/Momentum/Views/OnboardingViewPremium.swift:467:47: warning: result of call to 'purchase' is unused
                try await subscriptionManager.purchase(product)
                                              ^       ~~~~~~~~~
/Users/rubenreut/Momentum/Momentum/Momentum/Views/PaywallView.swift:362:19: warning: value 'product' was defined but never used; consider replacing with boolean test
        guard let product = selectedProduct else { return "Select a Plan" }
              ~~~~^~~~~~~~~~
                                            != nil
/Users/rubenreut/Momentum/Momentum/Momentum/Views/PaywallViewPremium.swift:185:47: warning: result of call to 'purchase' is unused
                try await subscriptionManager.purchase(product)
                                              ^       ~~~~~~~~~
/Users/rubenreut/Momentum/Momentum/Momentum/Views/WeekView.swift:253:41: warning: left side of nil coalescing operator '??' has non-optional type 'Color', so the right side is never used
            return Color(hex: colorHex) ?? .accentColor
                   ~~~~~~~~~~~~~~~~~~~~~^~~~~~~~~~~~~~~
                                       
/Users/rubenreut/Momentum/Momentum/Momentum/Views/WeekViewIPad.swift:70:37: warning: initialization of immutable value 'scrollOffset' was never used; consider replacing with assignment to '_' or removing it
                                let scrollOffset = max(0, CGFloat(currentHour - 2) * hourHeight)
                                ~~~~^~~~~~~~~~~~
                                _
/Users/rubenreut/Momentum/Momentum/Momentum/Views/WeekViewIPad.swift:329:24: warning: immutable value 'endTime' was never used; consider replacing with '_' or removing it
                   let endTime = event.endTime {
                   ~~~~^~~~~~~
                   _
/Users/rubenreut/Momentum/Momentum/Momentum/Views/WeekViewIPad.swift:614:19: warning: immutable value 'startTime' was never used; consider replacing with '_' or removing it
        guard let startTime = event.startTime,
              ~~~~^~~~~~~~~
              _
/Users/rubenreut/Momentum/Momentum/Momentum/Views/WeekViewIPad.swift:615:19: warning: immutable value 'endTime' was never used; consider replacing with '_' or removing it
              let endTime = event.endTime else { return }
              ~~~~^~~~~~~
              _
/Users/rubenreut/Momentum/Momentum/Momentum/Views/WeekViewIPad.swift:644:20: warning: value 'startTime' was defined but never used; consider replacing with boolean test
            if let startTime = event.startTime {
               ~~~~^~~~~~~~~~~~
                                               != nil
/Users/rubenreut/Momentum/Momentum/Momentum/Views/WeekViewIPad.swift:653:20: warning: value 'endTime' was defined but never used; consider replacing with boolean test
            if let endTime = event.endTime {
               ~~~~^~~~~~~~~~
                                           != nil
/Users/rubenreut/Momentum/Momentum/Momentum/MomentumApp.swift:100:18: warning: 'onChange(of:perform:)' was deprecated in iOS 17.0: Use `onChange` with a two or zero parameter action closure instead.
                .onChange(of: crashReportingEnabled) { newValue in
                 ^
/Users/rubenreut/Momentum/Momentum/Momentum/MomentumApp.swift:107:18: warning: 'onChange(of:perform:)' was deprecated in iOS 17.0: Use `onChange` with a two or zero parameter action closure instead.
                .onChange(of: analyticsEnabled) { newValue in
                 ^
eyJibHVlcHJpbnRfYmx1ZXByaW50SWRlbnRpZmllciI6IkQ1MzAzMzQ4MkUxNkIwQ0QwMEU4MzQxRiIsImJsdWVwcmludF9wcm92aWRlckZpbGVQYXRoU3RyaW5nIjoiXC9Vc2Vyc1wvcnViZW5yZXV0XC9Nb21lbnR1bVwvTW9tZW50dW1cL01vbWVudHVtLnhjb2RlcHJvaiIsInR5cGUiOnsiYmx1ZXByaW50Ijp7fX19
not on a macro expansion node: UnexpectedNodesSyntax
â”œâ”€[0]: keyword(CompilerSwiftSyntax.Keyword.else)
â”œâ”€[1]: leftBrace
â”œâ”€[2]: keyword(CompilerSwiftSyntax.Keyword.let)
â”œâ”€[3]: identifier("value")
â”œâ”€[4]: colon
â”œâ”€[5]: identifier("Double")
â”œâ”€[6]: keyword(CompilerSwiftSyntax.Keyword.switch)
â”œâ”€[7]: identifier("habit")
â”œâ”€[8]: period
â”œâ”€[9]: identifier("trackingTypeEnum")
â”œâ”€[10]: leftBrace
â”œâ”€[11]: keyword(CompilerSwiftSyntax.Keyword.case)
â”œâ”€[12]: period
â”œâ”€[13]: identifier("binary")
â”œâ”€[14]: colon
â”œâ”€[15]: identifier("value")
â”œâ”€[16]: equal
â”œâ”€[17]: floatLiteral("1.0")
â”œâ”€[18]: keyword(CompilerSwiftSyntax.Keyword.case)
â”œâ”€[19]: period
â”œâ”€[20]: identifier("quantity")
â”œâ”€[21]: comma
â”œâ”€[22]: period
â”œâ”€[23]: identifier("duration")
â”œâ”€[24]: colon
â”œâ”€[25]: identifier("value")
â”œâ”€[26]: equal
â”œâ”€[27]: identifier("habit")
â”œâ”€[28]: period
â”œâ”€[29]: identifier("goalTarget")
â”œâ”€[30]: keyword(CompilerSwiftSyntax.Keyword.case)
â”œâ”€[31]: period
â”œâ”€[32]: identifier("quality")
â”œâ”€[33]: colon
â”œâ”€[34]: identifier("value")
â”œâ”€[35]: equal
â”œâ”€[36]: floatLiteral("5.0")
â”œâ”€[37]: rightBrace
â”œâ”€[38]: identifier("onComplete")
â”œâ”€[39]: leftParen
â”œâ”€[40]: identifier("value")
â”œâ”€[41]: rightParen
â”œâ”€[42]: identifier("withAnimation")
â”œâ”€[43]: leftParen
â”œâ”€[44]: period
â”œâ”€[45]: identifier("easeInOut")
â”œâ”€[46]: leftParen
â”œâ”€[47]: identifier("duration")
â”œâ”€[48]: colon
â”œâ”€[49]: floatLiteral("0.2")
â”œâ”€[50]: rightParen
â”œâ”€[51]: rightParen
â”œâ”€[52]: leftBrace
â”œâ”€[53]: identifier("isCompleted")
â”œâ”€[54]: equal
â”œâ”€[55]: keyword(CompilerSwiftSyntax.Keyword.true)
â”œâ”€[56]: rightBrace
â”œâ”€[57]: rightBrace
â”œâ”€[58]: rightBrace
â”œâ”€[59]: keyword(CompilerSwiftSyntax.Keyword.private)
â”œâ”€[60]: keyword(CompilerSwiftSyntax.Keyword.func)
â”œâ”€[61]: identifier("formatEntryValue")
â”œâ”€[62]: leftParen
â”œâ”€[63]: wildcard
â”œâ”€[64]: identifier("entry")
â”œâ”€[65]: colon
â”œâ”€[66]: identifier("HabitEntry")
â”œâ”€[67]: rightParen
â”œâ”€[68]: arrow
â”œâ”€[69]: identifier("String")
â”œâ”€[70]: leftBrace
â”œâ”€[71]: keyword(CompilerSwiftSyntax.Keyword.switch)
â”œâ”€[72]: identifier("habit")
â”œâ”€[73]: period
â”œâ”€[74]: identifier("trackingTypeEnum")
â”œâ”€[75]: leftBrace
â”œâ”€[76]: keyword(CompilerSwiftSyntax.Keyword.case)
â”œâ”€[77]: period
â”œâ”€[78]: identifier("quantity")
â”œâ”€[79]: colon
â”œâ”€[80]: keyword(CompilerSwiftSyntax.Keyword.return)
â”œâ”€[81]: stringQuote
â”œâ”€[82]: stringSegment("")
â”œâ”€[83]: backslash
â”œâ”€[84]: leftParen
â”œâ”€[85]: identifier("Int")
â”œâ”€[86]: leftParen
â”œâ”€[87]: identifier("entry")
â”œâ”€[88]: period
â”œâ”€[89]: identifier("value")
â”œâ”€[90]: rightParen
â”œâ”€[91]: rightParen
â”œâ”€[92]: stringSegment("")
â”œâ”€[93]: stringQuote
â”œâ”€[94]: keyword(CompilerSwiftSyntax.Keyword.case)
â”œâ”€[95]: period
â”œâ”€[96]: identifier("duration")
â”œâ”€[97]: colon
â”œâ”€[98]: keyword(CompilerSwiftSyntax.Keyword.return)
â”œâ”€[99]: stringQuote
â”œâ”€[100]: stringSegment("")
â”œâ”€[101]: backslash
â”œâ”€[102]: leftParen
â”œâ”€[103]: identifier("Int")
â”œâ”€[104]: leftParen
â”œâ”€[105]: identifier("entry")
â”œâ”€[106]: period
â”œâ”€[107]: identifier("value")
â”œâ”€[108]: rightParen
â”œâ”€[109]: rightParen
â”œâ”€[110]: stringSegment(" min")
â”œâ”€[111]: stringQuote
â”œâ”€[112]: keyword(CompilerSwiftSyntax.Keyword.case)
â”œâ”€[113]: period
â”œâ”€[114]: identifier("quality")
â”œâ”€[115]: colon
â”œâ”€[116]: keyword(CompilerSwiftSyntax.Keyword.let)
â”œâ”€[117]: identifier("stars")
â”œâ”€[118]: equal
â”œâ”€[119]: identifier("Int")
â”œâ”€[120]: leftParen
â”œâ”€[121]: identifier("entry")
â”œâ”€[122]: period
â”œâ”€[123]: identifier("value")
â”œâ”€[124]: rightParen
â”œâ”€[125]: keyword(CompilerSwiftSyntax.Keyword.return)
â”œâ”€[126]: identifier("String")
â”œâ”€[127]: leftParen
â”œâ”€[128]: identifier("repeating")
â”œâ”€[129]: colon
â”œâ”€[130]: stringQuote
â”œâ”€[131]: stringSegment("â˜…")
â”œâ”€[132]: stringQuote
â”œâ”€[133]: comma
â”œâ”€[134]: identifier("count")
â”œâ”€[135]: colon
â”œâ”€[136]: identifier("stars")
â”œâ”€[137]: rightParen
â”œâ”€[138]: binaryOperator("+")
â”œâ”€[139]: identifier("String")
â”œâ”€[140]: leftParen
â”œâ”€[141]: identifier("repeating")
â”œâ”€[142]: colon
â”œâ”€[143]: stringQuote
â”œâ”€[144]: stringSegment("â˜†")
â”œâ”€[145]: stringQuote
â”œâ”€[146]: comma
â”œâ”€[147]: identifier("count")
â”œâ”€[148]: colon
â”œâ”€[149]: integerLiteral("5")
â”œâ”€[150]: binaryOperator("-")
â”œâ”€[151]: identifier("stars")
â”œâ”€[152]: rightParen
â”œâ”€[153]: keyword(CompilerSwiftSyntax.Keyword.case)
â”œâ”€[154]: period
â”œâ”€[155]: identifier("binary")
â”œâ”€[156]: colon
â”œâ”€[157]: keyword(CompilerSwiftSyntax.Keyword.return)
â”œâ”€[158]: stringQuote
â”œâ”€[159]: stringSegment("âœ“")
â”œâ”€[160]: stringQuote
â”œâ”€[161]: rightBrace
â”œâ”€[162]: rightBrace
â”œâ”€[163]: rightBrace
â”œâ”€[164]: keyword(CompilerSwiftSyntax.Keyword.struct)
â”œâ”€[165]: identifier("EmptyHabitsView")
â”œâ”€[166]: colon
â”œâ”€[167]: identifier("View")
â”œâ”€[168]: leftBrace
â”œâ”€[169]: atSign
â”œâ”€[170]: identifier("Environment")
â”œâ”€[171]: leftParen
â”œâ”€[172]: backslash
â”œâ”€[173]: period
â”œâ”€[174]: identifier("colorScheme")
â”œâ”€[175]: rightParen
â”œâ”€[176]: keyword(CompilerSwiftSyntax.Keyword.var)
â”œâ”€[177]: identifier("colorScheme")
â”œâ”€[178]: keyword(CompilerSwiftSyntax.Keyword.var)
â”œâ”€[179]: identifier("body")
â”œâ”€[180]: colon
â”œâ”€[181]: identifier("some")
â”œâ”€[182]: identifier("View")
â”œâ”€[183]: leftBrace
â”œâ”€[184]: identifier("VStack")
â”œâ”€[185]: leftParen
â”œâ”€[186]: identifier("spacing")
â”œâ”€[187]: colon
â”œâ”€[188]: integerLiteral("20")
â”œâ”€[189]: rightParen
â”œâ”€[190]: leftBrace
â”œâ”€[191]: identifier("Image")
â”œâ”€[192]: leftParen
â”œâ”€[193]: identifier("systemName")
â”œâ”€[194]: colon
â”œâ”€[195]: stringQuote
â”œâ”€[196]: stringSegment("sparkles")
â”œâ”€[197]: stringQuote
â”œâ”€[198]: rightParen
â”œâ”€[199]: period
â”œâ”€[200]: identifier("font")
â”œâ”€[201]: leftParen
â”œâ”€[202]: period
â”œâ”€[203]: identifier("system")
â”œâ”€[204]: leftParen
â”œâ”€[205]: identifier("size")
â”œâ”€[206]: colon
â”œâ”€[207]: integerLiteral("50")
â”œâ”€[208]: rightParen
â”œâ”€[209]: rightParen
â”œâ”€[210]: period
â”œâ”€[211]: identifier("foregroundColor")
â”œâ”€[212]: leftParen
â”œâ”€[213]: period
â”œâ”€[214]: identifier("blue")
â”œâ”€[215]: period
â”œâ”€[216]: identifier("opacity")
â”œâ”€[217]: leftParen
â”œâ”€[218]: floatLiteral("0.8")
â”œâ”€[219]: rightParen
â”œâ”€[220]: rightParen
â”œâ”€[221]: identifier("Text")
â”œâ”€[222]: leftParen
â”œâ”€[223]: stringQuote
â”œâ”€[224]: stringSegment("No habits for this day")
â”œâ”€[225]: stringQuote
â”œâ”€[226]: rightParen
â”œâ”€[227]: period
â”œâ”€[228]: identifier("font")
â”œâ”€[229]: leftParen
â”œâ”€[230]: period
â”œâ”€[231]: identifier("headline")
â”œâ”€[232]: rightParen
â”œâ”€[233]: identifier("Text")
â”œâ”€[234]: leftParen
â”œâ”€[235]: stringQuote
â”œâ”€[236]: stringSegment("Tap + to start building your routine")
â”œâ”€[237]: stringQuote
â”œâ”€[238]: rightParen
â”œâ”€[239]: period
â”œâ”€[240]: identifier("font")
â”œâ”€[241]: leftParen
â”œâ”€[242]: period
â”œâ”€[243]: identifier("subheadline")
â”œâ”€[244]: rightParen
â”œâ”€[245]: period
â”œâ”€[246]: identifier("foregroundColor")
â”œâ”€[247]: leftParen
â”œâ”€[248]: period
â”œâ”€[249]: identifier("secondary")
â”œâ”€[250]: rightParen
â”œâ”€[251]: period
â”œâ”€[252]: identifier("multilineTextAlignment")
â”œâ”€[253]: leftParen
â”œâ”€[254]: period
â”œâ”€[255]: identifier("center")
â”œâ”€[256]: rightParen
â”œâ”€[257]: rightBrace
â”œâ”€[258]: period
â”œâ”€[259]: identifier("frame")
â”œâ”€[260]: leftParen
â”œâ”€[261]: identifier("maxWidth")
â”œâ”€[262]: colon
â”œâ”€[263]: period
â”œâ”€[264]: identifier("infinity")
â”œâ”€[265]: rightParen
â”œâ”€[266]: rightBrace
â”œâ”€[267]: rightBrace
â”œâ”€[268]: pound
â”œâ”€[269]: identifier("Preview")
â”œâ”€[270]: leftBrace
â”œâ”€[271]: identifier("HabitsView")
â”œâ”€[272]: leftParen
â”œâ”€[273]: rightParen
â”œâ”€[274]: period
â”œâ”€[275]: identifier("environmentObject")
â”œâ”€[276]: leftParen
â”œâ”€[277]: identifier("HabitManager")
â”œâ”€[278]: period
â”œâ”€[279]: identifier("shared")
â”œâ”€[280]: rightParen
â”œâ”€[281]: period
â”œâ”€[282]: identifier("environmentObject")
â”œâ”€[283]: leftParen
â”œâ”€[284]: identifier("SubscriptionManager")
â”œâ”€[285]: period
â”œâ”€[286]: identifier("shared")
â”œâ”€[287]: rightParen
â•°â”€[288]: rightBrace
eyJibHVlcHJpbnRfYmx1ZXByaW50SWRlbnRpZmllciI6IkQ1MzAzMzQ4MkUxNkIwQ0QwMEU4MzQxRiIsImJsdWVwcmludF9wcm92aWRlckZpbGVQYXRoU3RyaW5nIjoiXC9Vc2Vyc1wvcnViZW5yZXV0XC9Nb21lbnR1bVwvTW9tZW50dW1cL01vbWVudHVtLnhjb2RlcHJvaiIsInR5cGUiOnsiYmx1ZXByaW50Ijp7fX19
note: Disabling previews because SWIFT_VERSION is set and SWIFT_OPTIMIZATION_LEVEL=-O, expected -Onone (in target 'Momentum' from project 'Momentum')
note: Disabling previews because SWIFT_VERSION is set and SWIFT_OPTIMIZATION_LEVEL=-O, expected -Onone (in target 'MomentumWidgetExtension' from project 'Momentum')
** BUILD FAILED **
